{"level":"INFO","time":"2023-08-25T11:09:40.701+0800","caller":"pprof/pprof.go:48","message":"pprof server start","addr":":1333"}
{"level":"INFO","time":"2023-08-25T11:09:40.701+0800","caller":"grpc/grpc.go:87","message":"grpc server start","port":":6060"}
{"level":"INFO","time":"2023-08-25T11:09:40.701+0800","caller":"mongodb/mongo.go:39","message":"mongodb is connecting"}
{"level":"INFO","time":"2023-08-25T11:09:40.871+0800","caller":"mongodb/mongo.go:49","message":"mongodb connect success"}
{"level":"INFO","time":"2023-08-25T11:09:42.701+0800","caller":"grpc_gateway/gateway.go:59","message":"gateway server start","addr":":8888"}
{"level":"ERROR","time":"2023-08-25T11:10:29.227+0800","caller":"services/hello.go:36","message":"Get \"http://localhost:3000/xuanwu/v1/hello\": context deadline exceeded"}
{"level":"ERROR","time":"2023-08-25T11:10:29.227+0800","caller":"controllers/hello.go:30","message":"Get \"http://localhost:3000/xuanwu/v1/hello\": context deadline exceeded"}
{"level":"INFO","time":"2023-08-25T13:32:42.543+0800","caller":"pprof/pprof.go:48","message":"pprof server start","addr":":1333"}
{"level":"INFO","time":"2023-08-25T13:32:42.543+0800","caller":"mongodb/mongo.go:39","message":"mongodb is connecting"}
{"level":"INFO","time":"2023-08-25T13:32:42.543+0800","caller":"grpc/grpc.go:87","message":"grpc server start","port":":6060"}
{"level":"INFO","time":"2023-08-25T13:32:42.726+0800","caller":"mongodb/mongo.go:49","message":"mongodb connect success"}
{"level":"INFO","time":"2023-08-25T13:32:44.543+0800","caller":"grpc_gateway/gateway.go:59","message":"gateway server start","addr":":8888"}
{"level":"ERROR","time":"2023-08-25T13:32:47.976+0800","caller":"services/hello.go:36","message":"Get \"http://localhost:3000/xuanwu/v1/hello\": context deadline exceeded"}
{"level":"ERROR","time":"2023-08-25T13:32:47.976+0800","caller":"controllers/hello.go:30","message":"Get \"http://localhost:3000/xuanwu/v1/hello\": context deadline exceeded"}
{"level":"INFO","time":"2023-08-25T13:34:51.656+0800","caller":"pprof/pprof.go:48","message":"pprof server start","addr":":1333"}
{"level":"INFO","time":"2023-08-25T13:34:51.656+0800","caller":"mongodb/mongo.go:39","message":"mongodb is connecting"}
{"level":"INFO","time":"2023-08-25T13:34:51.656+0800","caller":"grpc/grpc.go:87","message":"grpc server start","port":":6060"}
{"level":"INFO","time":"2023-08-25T13:34:51.682+0800","caller":"mongodb/mongo.go:49","message":"mongodb connect success"}
{"level":"INFO","time":"2023-08-25T13:34:53.656+0800","caller":"grpc_gateway/gateway.go:59","message":"gateway server start","addr":":8888"}
{"level":"INFO","time":"2023-08-25T13:39:41.992+0800","caller":"pprof/pprof.go:48","message":"pprof server start","addr":":1333"}
{"level":"INFO","time":"2023-08-25T13:39:41.992+0800","caller":"mongodb/mongo.go:39","message":"mongodb is connecting"}
{"level":"INFO","time":"2023-08-25T13:39:41.992+0800","caller":"grpc/grpc.go:87","message":"grpc server start","port":":6060"}
{"level":"INFO","time":"2023-08-25T13:39:42.007+0800","caller":"mongodb/mongo.go:49","message":"mongodb connect success"}
{"level":"INFO","time":"2023-08-25T13:39:43.992+0800","caller":"grpc_gateway/gateway.go:59","message":"gateway server start","addr":":8888"}
{"level":"INFO","time":"2023-08-25T13:42:33.770+0800","caller":"pprof/pprof.go:48","message":"pprof server start","addr":":1333"}
{"level":"INFO","time":"2023-08-25T13:42:33.770+0800","caller":"mongodb/mongo.go:39","message":"mongodb is connecting"}
{"level":"INFO","time":"2023-08-25T13:42:33.770+0800","caller":"grpc/grpc.go:87","message":"grpc server start","port":":6060"}
{"level":"INFO","time":"2023-08-25T13:42:33.842+0800","caller":"mongodb/mongo.go:49","message":"mongodb connect success"}
{"level":"INFO","time":"2023-08-25T13:42:35.771+0800","caller":"grpc_gateway/gateway.go:59","message":"gateway server start","addr":":8888"}
{"level":"INFO","time":"2023-08-25T15:02:57.546+0800","caller":"pprof/pprof.go:48","message":"pprof server start","addr":":1333"}
{"level":"INFO","time":"2023-08-25T15:02:57.546+0800","caller":"mongodb/mongo.go:39","message":"mongodb is connecting"}
{"level":"INFO","time":"2023-08-25T15:02:57.546+0800","caller":"grpc/grpc.go:87","message":"grpc server start","port":":6060"}
{"level":"INFO","time":"2023-08-25T15:02:57.692+0800","caller":"mongodb/mongo.go:49","message":"mongodb connect success"}
{"level":"INFO","time":"2023-08-25T15:02:59.547+0800","caller":"grpc_gateway/gateway.go:60","message":"gateway server start","addr":":8888"}
{"level":"INFO","time":"2023-08-25T15:31:53.206+0800","caller":"mongodb/mongo.go:39","message":"mongodb is connecting"}
{"level":"INFO","time":"2023-08-25T15:31:53.206+0800","caller":"pprof/pprof.go:48","message":"pprof server start","addr":":1333"}
{"level":"INFO","time":"2023-08-25T15:31:53.207+0800","caller":"grpc/grpc.go:87","message":"grpc server start","port":":6060"}
{"level":"INFO","time":"2023-08-25T15:31:53.240+0800","caller":"mongodb/mongo.go:49","message":"mongodb connect success"}
{"level":"INFO","time":"2023-08-25T15:31:55.207+0800","caller":"grpc_gateway/gateway.go:60","message":"gateway server start","addr":":8888"}
{"level":"INFO","time":"2023-08-25T15:41:24.062+0800","caller":"pprof/pprof.go:48","message":"pprof server start","addr":":1333"}
{"level":"INFO","time":"2023-08-25T15:41:24.062+0800","caller":"mongodb/mongo.go:39","message":"mongodb is connecting"}
{"level":"INFO","time":"2023-08-25T15:41:24.062+0800","caller":"grpc/grpc.go:87","message":"grpc server start","port":":6060"}
{"level":"INFO","time":"2023-08-25T15:41:24.187+0800","caller":"mongodb/mongo.go:49","message":"mongodb connect success"}
{"level":"INFO","time":"2023-08-25T15:41:26.062+0800","caller":"grpc_gateway/gateway.go:60","message":"gateway server start","addr":":8888"}
